-------------------------------------------------------------------------------
Test set: StepsDefinitions.TestRunner
-------------------------------------------------------------------------------
Tests run: 1, Failures: 0, Errors: 1, Skipped: 0, Time elapsed: 0.402 s <<< FAILURE! -- in StepsDefinitions.TestRunner
Login.Verification of Login Function -- Time elapsed: 0.093 s <<< ERROR!
io.cucumber.junit.UndefinedStepException: 
The step 'user on the Login Page' and 3 other step(s) are undefined.
You can implement these steps using the snippet(s) below:

@Given("user on the Login Page")
public void user_on_the_login_page() {
    // Write code here that turns the phrase above into concrete actions
    throw new io.cucumber.java.PendingException();
}
@When("user enters username and pass")
public void user_enters_username_and_pass() {
    // Write code here that turns the phrase above into concrete actions
    throw new io.cucumber.java.PendingException();
}
@When("click on login button")
public void click_on_login_button() {
    // Write code here that turns the phrase above into concrete actions
    throw new io.cucumber.java.PendingException();
}
@Then("user should see my account")
public void user_should_see_my_account() {
    // Write code here that turns the phrase above into concrete actions
    throw new io.cucumber.java.PendingException();
}


