<?xml version="1.0" encoding="UTF-8"?>
<testsuite xmlns:xsi="http://www.w3.org/2001/XMLSchema-instance" xsi:noNamespaceSchemaLocation="https://maven.apache.org/surefire/maven-surefire-plugin/xsd/surefire-test-report-3.0.xsd" version="3.0" name="TestRunner.TestRunner" time="11.198" tests="1" errors="0" skipped="0" failures="0">
  <properties>
[...]
</properties>
  <testcase name="" classname="SalesForce login" time="10.413">
    <system-out><![CDATA[
@smoke
Scenario Outline:                                  # src/test/resources/Features/loginPF.feature:20
Page factory-->inside setUp() before hook
Before step-- order=1
Chrome browser is launched
  Given User is on Chrome browser                  # StepDefinations.sFLoginPF.user_is_on_chrome_browser()

    Embedding screenshot attached [FaileSS/png 33027 bytes]

Before step-- order=1
User is entered sales force url in tab
  Then User is able to enter sales force login URL # StepDefinations.sFLoginPF.user_is_able_to_enter_sales_force_login_url()

    Embedding screenshot attached [FaileSS/png 33035 bytes]

Before step-- order=1
User click on enter button
  And user click on enter button                   # StepDefinations.sFLoginPF.user_click_on_enter_button()

    Embedding screenshot attached [FaileSS/png 369938 bytes]

Before step-- order=1
  Given User is on sales force login page          # StepDefinations.sFLoginPF.user_is_on_sales_force_login_page()

    Embedding screenshot attached [FaileSS/png 369914 bytes]

Before step-- order=1
  When User enter testing and usernmpass123        # StepDefinations.sFLoginPF.user_enter_testing_and_usernmpass123(java.lang.String,java.lang.String)

    Embedding screenshot attached [FaileSS/png 371071 bytes]

Before step-- order=1
and method
  And Click on forgot password link                # StepDefinations.sFLoginPF.click_on_forgot_password_link()

    Embedding screenshot attached [FaileSS/png 50669 bytes]

Before step-- order=1
then method
  Then user is navigate to Forgot password page    # StepDefinations.sFLoginPF.user_is_navigate_to_forgot_password_page()

    Embedding screenshot attached [FaileSS/png 50669 bytes]

Page factory-->inside tearDown() after hook
]]></system-out>
  </testcase>
</testsuite>